{
  "stats": {
    "suites": 2,
    "tests": 3,
    "passes": 3,
    "pending": 0,
    "failures": 0,
    "start": "2020-12-04T03:25:06.222Z",
    "end": "2020-12-04T03:25:08.395Z",
    "duration": 2173,
    "testsRegistered": 3,
    "passPercent": 100,
    "pendingPercent": 0,
    "other": 0,
    "hasOther": false,
    "skipped": 0,
    "hasSkipped": false
  },
  "results": [
    {
      "uuid": "f3f28330-daec-46b4-af32-6f38d0891981",
      "title": "",
      "fullFile": "",
      "file": "",
      "beforeHooks": [],
      "afterHooks": [],
      "tests": [],
      "suites": [
        {
          "uuid": "cd9a7de0-9a08-43f5-b9a7-b94954fd18cd",
          "title": "Airwallex endpoint test : common test cases",
          "fullFile": "/Users/songyang/codes/airwallex-endpoint-test/test/test.js",
          "file": "/test/test.js",
          "beforeHooks": [],
          "afterHooks": [],
          "tests": [
            {
              "title": "Running test: normal swift test case with success return",
              "fullTitle": "Airwallex endpoint test : common test cases Running test: normal swift test case with success return",
              "timedOut": false,
              "duration": 576,
              "state": "passed",
              "speed": "slow",
              "pass": true,
              "fail": false,
              "pending": false,
              "context": null,
              "code": "this.timeout(10000);\nrequest.post('/bank')\n    .send(testCase.args)\n    .expect(testCase.expected.status)\n    .expect((res) => {\n        expect(res.body).to.be.contains(testCase.expected.result)\n    })\n    .end(done)",
              "err": {},
              "uuid": "5962b05a-edf1-4874-a5a7-52c437dd3ec3",
              "parentUUID": "cd9a7de0-9a08-43f5-b9a7-b94954fd18cd",
              "isHook": false,
              "skipped": false
            },
            {
              "title": "Running test: abnormal swift test case, no swift code",
              "fullTitle": "Airwallex endpoint test : common test cases Running test: abnormal swift test case, no swift code",
              "timedOut": false,
              "duration": 580,
              "state": "passed",
              "speed": "slow",
              "pass": true,
              "fail": false,
              "pending": false,
              "context": null,
              "code": "this.timeout(10000);\nrequest.post('/bank')\n    .send(testCase.args)\n    .expect(testCase.expected.status)\n    .expect((res) => {\n        expect(res.body).to.be.contains(testCase.expected.result)\n    })\n    .end(done)",
              "err": {},
              "uuid": "1af3ea73-b11d-4375-8d94-119c37734290",
              "parentUUID": "cd9a7de0-9a08-43f5-b9a7-b94954fd18cd",
              "isHook": false,
              "skipped": false
            }
          ],
          "suites": [],
          "passes": [
            "5962b05a-edf1-4874-a5a7-52c437dd3ec3",
            "1af3ea73-b11d-4375-8d94-119c37734290"
          ],
          "failures": [],
          "pending": [],
          "skipped": [],
          "duration": 1156,
          "root": false,
          "rootEmpty": false,
          "_timeout": 2000
        },
        {
          "uuid": "c4501c45-fea8-4ead-ba93-03bc5f20e8f2",
          "title": "Airwallex endpoint test : special test cases",
          "fullFile": "/Users/songyang/codes/airwallex-endpoint-test/test/test.js",
          "file": "/test/test.js",
          "beforeHooks": [],
          "afterHooks": [],
          "tests": [
            {
              "title": "Running test: Unsupported method ",
              "fullTitle": "Airwallex endpoint test : special test cases Running test: Unsupported method ",
              "timedOut": false,
              "duration": 1007,
              "state": "passed",
              "speed": "slow",
              "pass": true,
              "fail": false,
              "pending": false,
              "context": null,
              "code": "this.timeout(10000);\nrequest.get('/bank')\n    .expect(404)\n    .end(done)",
              "err": {},
              "uuid": "7b8b1773-49c6-455b-a924-c437c090f4d4",
              "parentUUID": "c4501c45-fea8-4ead-ba93-03bc5f20e8f2",
              "isHook": false,
              "skipped": false
            }
          ],
          "suites": [],
          "passes": [
            "7b8b1773-49c6-455b-a924-c437c090f4d4"
          ],
          "failures": [],
          "pending": [],
          "skipped": [],
          "duration": 1007,
          "root": false,
          "rootEmpty": false,
          "_timeout": 2000
        }
      ],
      "passes": [],
      "failures": [],
      "pending": [],
      "skipped": [],
      "duration": 0,
      "root": true,
      "rootEmpty": true,
      "_timeout": 2000
    }
  ],
  "meta": {
    "mocha": {
      "version": "8.2.1"
    },
    "mochawesome": {
      "options": {
        "quiet": false,
        "reportFilename": "mochawesome",
        "saveHtml": true,
        "saveJson": true,
        "consoleReporter": "spec",
        "useInlineDiffs": false,
        "code": true
      },
      "version": "6.2.1"
    },
    "marge": {
      "options": null,
      "version": "5.1.0"
    }
  }
}